<?xml version="1.0" encoding="UTF-8"?>
<!-- Generated by org.testng.reporters.JUnitReportReporter -->
<testsuite hostname="DESKTOP-29D1PLS" failures="0" tests="4" name="com.creatio.crm.application.tests.ApplicationTest" time="46.135" errors="0" timestamp="2025-06-17T19:55:39 IST" skipped="0">
  <testcase classname="com.creatio.crm.application.tests.ApplicationTest" name="verifyForgotLoginFeature" time="10.174"/>
  <system-out/>
  <testcase classname="com.creatio.crm.application.tests.ApplicationTest" name="verifyLoginInvalidCredentials" time="10.618"/>
  <system-out/>
  <testcase classname="com.creatio.crm.application.tests.ApplicationTest" name="verifyGoogleLogin" time="11.907"/>
  <system-out/>
  <testcase classname="com.creatio.crm.application.tests.ApplicationTest" name="verifyLoginWithValidCredentials" time="13.436"/>
  <system-out/>
</testsuite> <!-- com.creatio.crm.application.tests.ApplicationTest -->
