<?xml version="1.0" encoding="UTF-8"?>
<!-- Generated by org.testng.reporters.JUnitReportReporter -->
<testsuite hostname="DESKTOP-29D1PLS" failures="0" tests="1" name="com.creatio.crm.application.tests.ApplicationTest" time="16.886" errors="0" timestamp="2025-06-17T18:26:22 IST" skipped="0">
  <testcase classname="com.creatio.crm.application.tests.ApplicationTest" name="verifyLoginWithValidCredentials" time="16.886"/>
  <system-out/>
</testsuite> <!-- com.creatio.crm.application.tests.ApplicationTest -->
